<?xml version="1.0" encoding="UTF-8"?>
<!-- Generated by org.testng.reporters.JUnitXMLReporter -->
<testsuite ignored="0" hostname="DESKTOP-4AFA79T" failures="0" tests="5" name="mytest" time="46.585" errors="0" timestamp="2023-08-30T14:27:55 EDT">
  <testcase classname="testCases.TC_003LoginDataDrivenTest" name="test_Login" time="2.408"/>
  <testcase classname="testCases.TC_003LoginDataDrivenTest" name="test_Login" time="11.083"/>
  <testcase classname="testCases.TC_003LoginDataDrivenTest" name="test_Login" time="11.14"/>
  <testcase classname="testCases.TC_003LoginDataDrivenTest" name="test_Login" time="11.684"/>
  <testcase classname="testCases.TC_003LoginDataDrivenTest" name="test_Login" time="3.092"/>
</testsuite> <!-- mytest -->
