<?xml version="1.0" encoding="UTF-8"?>
<!-- Generated by org.testng.reporters.JUnitXMLReporter -->
<testsuite ignored="0" hostname="DESKTOP-4AFA79T" failures="0" tests="5" name="Test" time="56.796" errors="0" timestamp="2023-08-30T22:48:45 EDT">
  <testcase classname="testCases.TC_003LoginDataDrivenTest" name="test_Login" time="3.41"/>
  <testcase classname="testCases.TC_003LoginDataDrivenTest" name="test_Login" time="11.71"/>
  <testcase classname="testCases.TC_003LoginDataDrivenTest" name="test_Login" time="11.934"/>
  <testcase classname="testCases.TC_003LoginDataDrivenTest" name="test_Login" time="11.802"/>
  <testcase classname="testCases.TC_003LoginDataDrivenTest" name="test_Login" time="3.088"/>
</testsuite> <!-- Test -->
