<?xml version="1.0" encoding="UTF-8"?>
<!-- Generated by org.testng.reporters.JUnitXMLReporter -->
<testsuite ignored="0" hostname="DESKTOP-4AFA79T" failures="0" tests="5" name="Test" time="54.291" errors="0" timestamp="2023-08-30T22:56:30 EDT">
  <testcase classname="testCases.TC_003LoginDataDrivenTest" name="test_Login" time="3.322"/>
  <testcase classname="testCases.TC_003LoginDataDrivenTest" name="test_Login" time="11.355"/>
  <testcase classname="testCases.TC_003LoginDataDrivenTest" name="test_Login" time="11.26"/>
  <testcase classname="testCases.TC_003LoginDataDrivenTest" name="test_Login" time="11.738"/>
  <testcase classname="testCases.TC_003LoginDataDrivenTest" name="test_Login" time="2.789"/>
</testsuite> <!-- Test -->
