<?xml version="1.0" encoding="UTF-8"?>
<testng-results ignored="0" total="5" passed="5" failed="0" skipped="0">
  <reporter-output>
  </reporter-output>
  <suite started-at="2023-08-30T22:55:35 EDT" name="Suite" finished-at="2023-08-30T22:56:29 EDT" duration-ms="54291">
    <groups>
    </groups>
    <test started-at="2023-08-30T22:55:35 EDT" name="Test" finished-at="2023-08-30T22:56:29 EDT" duration-ms="54291">
      <class name="testCases.TC_003LoginDataDrivenTest">
        <test-method is-config="true" signature="setup(java.lang.String)[pri:0, instance:testCases.TC_003LoginDataDrivenTest@44ebcd03]" started-at="2023-08-30T22:55:35 EDT" name="setup" finished-at="2023-08-30T22:55:45 EDT" duration-ms="10114" status="PASS">
          <params>
            <param index="0">
              <value>
                <![CDATA[chrome]]>
              </value>
            </param>
          </params>
          <reporter-output>
          </reporter-output>
        </test-method> <!-- setup -->
        <test-method signature="test_Login(java.lang.String,java.lang.String,java.lang.String)[pri:0, instance:testCases.TC_003LoginDataDrivenTest@44ebcd03]" started-at="2023-08-30T22:55:49 EDT" name="test_Login" data-provider="LoginData" finished-at="2023-08-30T22:55:52 EDT" duration-ms="3322" status="PASS">
          <params>
            <param index="0">
              <value>
                <![CDATA[pavanoltraining@gmail.com]]>
              </value>
            </param>
            <param index="1">
              <value>
                <![CDATA[test@123]]>
              </value>
            </param>
            <param index="2">
              <value>
                <![CDATA[Valid]]>
              </value>
            </param>
          </params>
          <reporter-output>
          </reporter-output>
        </test-method> <!-- test_Login -->
        <test-method signature="test_Login(java.lang.String,java.lang.String,java.lang.String)[pri:0, instance:testCases.TC_003LoginDataDrivenTest@44ebcd03]" started-at="2023-08-30T22:55:52 EDT" name="test_Login" data-provider="LoginData" finished-at="2023-08-30T22:56:03 EDT" duration-ms="11355" status="PASS">
          <params>
            <param index="0">
              <value>
                <![CDATA[lakshmi@yahoo.com]]>
              </value>
            </param>
            <param index="1">
              <value>
                <![CDATA[Laxmi]]>
              </value>
            </param>
            <param index="2">
              <value>
                <![CDATA[Invalid]]>
              </value>
            </param>
          </params>
          <reporter-output>
          </reporter-output>
        </test-method> <!-- test_Login -->
        <test-method signature="test_Login(java.lang.String,java.lang.String,java.lang.String)[pri:0, instance:testCases.TC_003LoginDataDrivenTest@44ebcd03]" started-at="2023-08-30T22:56:03 EDT" name="test_Login" data-provider="LoginData" finished-at="2023-08-30T22:56:15 EDT" duration-ms="11260" status="PASS">
          <params>
            <param index="0">
              <value>
                <![CDATA[laksh@yahoo.com]]>
              </value>
            </param>
            <param index="1">
              <value>
                <![CDATA[Lakshmi]]>
              </value>
            </param>
            <param index="2">
              <value>
                <![CDATA[Invalid]]>
              </value>
            </param>
          </params>
          <reporter-output>
          </reporter-output>
        </test-method> <!-- test_Login -->
        <test-method signature="test_Login(java.lang.String,java.lang.String,java.lang.String)[pri:0, instance:testCases.TC_003LoginDataDrivenTest@44ebcd03]" started-at="2023-08-30T22:56:15 EDT" name="test_Login" data-provider="LoginData" finished-at="2023-08-30T22:56:26 EDT" duration-ms="11738" status="PASS">
          <params>
            <param index="0">
              <value>
                <![CDATA[laks@yahoo.com]]>
              </value>
            </param>
            <param index="1">
              <value>
                <![CDATA[xyz]]>
              </value>
            </param>
            <param index="2">
              <value>
                <![CDATA[Invalid]]>
              </value>
            </param>
          </params>
          <reporter-output>
          </reporter-output>
        </test-method> <!-- test_Login -->
        <test-method signature="test_Login(java.lang.String,java.lang.String,java.lang.String)[pri:0, instance:testCases.TC_003LoginDataDrivenTest@44ebcd03]" started-at="2023-08-30T22:56:26 EDT" name="test_Login" data-provider="LoginData" finished-at="2023-08-30T22:56:29 EDT" duration-ms="2789" status="PASS">
          <params>
            <param index="0">
              <value>
                <![CDATA[abc123@gmail.com]]>
              </value>
            </param>
            <param index="1">
              <value>
                <![CDATA[test@123]]>
              </value>
            </param>
            <param index="2">
              <value>
                <![CDATA[Valid]]>
              </value>
            </param>
          </params>
          <reporter-output>
          </reporter-output>
        </test-method> <!-- test_Login -->
        <test-method is-config="true" signature="tearDown()[pri:0, instance:testCases.TC_003LoginDataDrivenTest@44ebcd03]" started-at="2023-08-30T22:56:29 EDT" name="tearDown" finished-at="2023-08-30T22:56:29 EDT" duration-ms="109" status="PASS">
          <reporter-output>
          </reporter-output>
        </test-method> <!-- tearDown -->
      </class> <!-- testCases.TC_003LoginDataDrivenTest -->
    </test> <!-- Test -->
  </suite> <!-- Suite -->
</testng-results>
