<?xml version="1.0" encoding="UTF-8"?>
<testng-results ignored="0" total="5" passed="5" failed="0" skipped="0">
  <reporter-output>
  </reporter-output>
  <suite started-at="2023-08-30T22:47:47 EDT" name="Suite" finished-at="2023-08-30T22:48:43 EDT" duration-ms="56796">
    <groups>
    </groups>
    <test started-at="2023-08-30T22:47:47 EDT" name="Test" finished-at="2023-08-30T22:48:43 EDT" duration-ms="56796">
      <class name="testCases.TC_003LoginDataDrivenTest">
        <test-method is-config="true" signature="setup(java.lang.String)[pri:0, instance:testCases.TC_003LoginDataDrivenTest@6025e1b6]" started-at="2023-08-30T22:47:47 EDT" name="setup" finished-at="2023-08-30T22:47:58 EDT" duration-ms="10377" status="PASS">
          <params>
            <param index="0">
              <value>
                <![CDATA[chrome]]>
              </value>
            </param>
          </params>
          <reporter-output>
          </reporter-output>
        </test-method> <!-- setup -->
        <test-method signature="test_Login(java.lang.String,java.lang.String,java.lang.String)[pri:0, instance:testCases.TC_003LoginDataDrivenTest@6025e1b6]" started-at="2023-08-30T22:48:01 EDT" name="test_Login" data-provider="LoginData" finished-at="2023-08-30T22:48:05 EDT" duration-ms="3410" status="PASS">
          <params>
            <param index="0">
              <value>
                <![CDATA[pavanoltraining@gmail.com]]>
              </value>
            </param>
            <param index="1">
              <value>
                <![CDATA[test@123]]>
              </value>
            </param>
            <param index="2">
              <value>
                <![CDATA[Valid]]>
              </value>
            </param>
          </params>
          <reporter-output>
          </reporter-output>
        </test-method> <!-- test_Login -->
        <test-method signature="test_Login(java.lang.String,java.lang.String,java.lang.String)[pri:0, instance:testCases.TC_003LoginDataDrivenTest@6025e1b6]" started-at="2023-08-30T22:48:05 EDT" name="test_Login" data-provider="LoginData" finished-at="2023-08-30T22:48:16 EDT" duration-ms="11710" status="PASS">
          <params>
            <param index="0">
              <value>
                <![CDATA[lakshmi@yahoo.com]]>
              </value>
            </param>
            <param index="1">
              <value>
                <![CDATA[Laxmi]]>
              </value>
            </param>
            <param index="2">
              <value>
                <![CDATA[Invalid]]>
              </value>
            </param>
          </params>
          <reporter-output>
          </reporter-output>
        </test-method> <!-- test_Login -->
        <test-method signature="test_Login(java.lang.String,java.lang.String,java.lang.String)[pri:0, instance:testCases.TC_003LoginDataDrivenTest@6025e1b6]" started-at="2023-08-30T22:48:16 EDT" name="test_Login" data-provider="LoginData" finished-at="2023-08-30T22:48:28 EDT" duration-ms="11934" status="PASS">
          <params>
            <param index="0">
              <value>
                <![CDATA[laksh@yahoo.com]]>
              </value>
            </param>
            <param index="1">
              <value>
                <![CDATA[Lakshmi]]>
              </value>
            </param>
            <param index="2">
              <value>
                <![CDATA[Invalid]]>
              </value>
            </param>
          </params>
          <reporter-output>
          </reporter-output>
        </test-method> <!-- test_Login -->
        <test-method signature="test_Login(java.lang.String,java.lang.String,java.lang.String)[pri:0, instance:testCases.TC_003LoginDataDrivenTest@6025e1b6]" started-at="2023-08-30T22:48:28 EDT" name="test_Login" data-provider="LoginData" finished-at="2023-08-30T22:48:40 EDT" duration-ms="11802" status="PASS">
          <params>
            <param index="0">
              <value>
                <![CDATA[laks@yahoo.com]]>
              </value>
            </param>
            <param index="1">
              <value>
                <![CDATA[xyz]]>
              </value>
            </param>
            <param index="2">
              <value>
                <![CDATA[Invalid]]>
              </value>
            </param>
          </params>
          <reporter-output>
          </reporter-output>
        </test-method> <!-- test_Login -->
        <test-method signature="test_Login(java.lang.String,java.lang.String,java.lang.String)[pri:0, instance:testCases.TC_003LoginDataDrivenTest@6025e1b6]" started-at="2023-08-30T22:48:40 EDT" name="test_Login" data-provider="LoginData" finished-at="2023-08-30T22:48:43 EDT" duration-ms="3088" status="PASS">
          <params>
            <param index="0">
              <value>
                <![CDATA[abc123@gmail.com]]>
              </value>
            </param>
            <param index="1">
              <value>
                <![CDATA[test@123]]>
              </value>
            </param>
            <param index="2">
              <value>
                <![CDATA[Valid]]>
              </value>
            </param>
          </params>
          <reporter-output>
          </reporter-output>
        </test-method> <!-- test_Login -->
        <test-method is-config="true" signature="tearDown()[pri:0, instance:testCases.TC_003LoginDataDrivenTest@6025e1b6]" started-at="2023-08-30T22:48:43 EDT" name="tearDown" finished-at="2023-08-30T22:48:43 EDT" duration-ms="205" status="PASS">
          <reporter-output>
          </reporter-output>
        </test-method> <!-- tearDown -->
      </class> <!-- testCases.TC_003LoginDataDrivenTest -->
    </test> <!-- Test -->
  </suite> <!-- Suite -->
</testng-results>
